<?xml version="1.0" encoding="UTF-8"?>
<coverage generated="1489155018378" clover="3.2.0">
  <project timestamp="1489155018378" name="All files">
    <metrics statements="14" coveredstatements="10" conditionals="0" coveredconditionals="0" methods="7" coveredmethods="5" elements="21" coveredelements="15" complexity="0" loc="14" ncloc="14" packages="1" files="2" classes="2">
      <file name="Search.js" path="C:\Users\asdasdasdas\projects\femr\js\Search.js">
        <metrics statements="8" coveredstatements="8" conditionals="0" coveredconditionals="0" methods="5" coveredmethods="5"/>
        <line num="7" count="3" type="stmt"/>
        <line num="8" count="3" type="stmt"/>
        <line num="11" count="3" type="stmt"/>
        <line num="14" count="1" type="stmt"/>
        <line num="17" count="4" type="stmt"/>
        <line num="27" count="84" type="stmt"/>
        <line num="32" count="65" type="stmt"/>
        <line num="33" count="65" type="stmt"/>
      </file>
      <file name="ShowCard.js" path="C:\Users\asdasdasdas\projects\femr\js\ShowCard.js">
        <metrics statements="6" coveredstatements="2" conditionals="0" coveredconditionals="0" methods="2" coveredmethods="0"/>
        <line num="2" count="1" type="stmt"/>
        <line num="6" count="0" type="stmt"/>
        <line num="7" count="0" type="stmt"/>
        <line num="14" count="0" type="stmt"/>
        <line num="15" count="0" type="stmt"/>
        <line num="28" count="1" type="stmt"/>
      </file>
    </metrics>
  </project>
</coverage>
