{"C:\\Users\\asdasdasdas\\projects\\femr\\js\\Search.js": {"path":"C:\\Users\\asdasdasdas\\projects\\femr\\js\\Search.js","statementMap":{"0":{"start":{"line":7,"column":8},"end":{"line":7,"column":16}},"1":{"start":{"line":8,"column":8},"end":{"line":10,"column":9}},"2":{"start":{"line":11,"column":8},"end":{"line":11,"column":77}},"3":{"start":{"line":14,"column":8},"end":{"line":14,"column":57}},"4":{"start":{"line":17,"column":8},"end":{"line":40,"column":9}},"5":{"start":{"line":27,"column":32},"end":{"line":29,"column":85}},"6":{"start":{"line":32,"column":32},"end":{"line":32,"column":49}},"7":{"start":{"line":33,"column":32},"end":{"line":35,"column":33}}},"fnMap":{"0":{"name":"(anonymous_0)","decl":{"start":{"line":6,"column":4},"end":{"line":6,"column":5}},"loc":{"start":{"line":6,"column":18},"end":{"line":12,"column":5}}},"1":{"name":"(anonymous_1)","decl":{"start":{"line":13,"column":4},"end":{"line":13,"column":5}},"loc":{"start":{"line":13,"column":34},"end":{"line":15,"column":5}}},"2":{"name":"(anonymous_2)","decl":{"start":{"line":16,"column":4},"end":{"line":16,"column":5}},"loc":{"start":{"line":16,"column":13},"end":{"line":41,"column":5}}},"3":{"name":"(anonymous_3)","decl":{"start":{"line":26,"column":36},"end":{"line":26,"column":37}},"loc":{"start":{"line":26,"column":46},"end":{"line":30,"column":29}}},"4":{"name":"(anonymous_4)","decl":{"start":{"line":31,"column":33},"end":{"line":31,"column":34}},"loc":{"start":{"line":31,"column":43},"end":{"line":36,"column":29}}}},"branchMap":{},"s":{"0":3,"1":3,"2":3,"3":1,"4":4,"5":84,"6":65,"7":65},"f":{"0":3,"1":1,"2":4,"3":84,"4":65},"b":{},"_coverageSchema":"332fd63041d2c1bcb487cc26dd0d5f7d97098a6c","hash":"a13b4d24ad8da77e4b63bc06ab3354a794a7527c"}
,"C:\\Users\\asdasdasdas\\projects\\femr\\js\\ShowCard.js": {"path":"C:\\Users\\asdasdasdas\\projects\\femr\\js\\ShowCard.js","statementMap":{"0":{"start":{"line":2,"column":32},"end":{"line":2,"column":47}},"1":{"start":{"line":6,"column":8},"end":{"line":6,"column":16}},"2":{"start":{"line":7,"column":8},"end":{"line":11,"column":9}},"3":{"start":{"line":14,"column":53},"end":{"line":14,"column":63}},"4":{"start":{"line":15,"column":8},"end":{"line":24,"column":9}},"5":{"start":{"line":28,"column":0},"end":{"line":33,"column":1}}},"fnMap":{"0":{"name":"(anonymous_0)","decl":{"start":{"line":5,"column":4},"end":{"line":5,"column":5}},"loc":{"start":{"line":5,"column":18},"end":{"line":12,"column":5}}},"1":{"name":"(anonymous_1)","decl":{"start":{"line":13,"column":4},"end":{"line":13,"column":5}},"loc":{"start":{"line":13,"column":13},"end":{"line":25,"column":5}}}},"branchMap":{},"s":{"0":1,"1":0,"2":0,"3":0,"4":0,"5":1},"f":{"0":0,"1":0},"b":{},"_coverageSchema":"332fd63041d2c1bcb487cc26dd0d5f7d97098a6c","hash":"f483519399dba8c78596ca882a51f3ec891ae809"}
}
