TN:
SF:C:\Users\asdasdasdas\projects\femr\js\Search.js
FN:6,(anonymous_0)
FN:13,(anonymous_1)
FN:16,(anonymous_2)
FN:26,(anonymous_3)
FN:31,(anonymous_4)
FNF:5
FNH:5
FNDA:3,(anonymous_0)
FNDA:1,(anonymous_1)
FNDA:4,(anonymous_2)
FNDA:84,(anonymous_3)
FNDA:65,(anonymous_4)
DA:7,3
DA:8,3
DA:11,3
DA:14,1
DA:17,4
DA:27,84
DA:32,65
DA:33,65
LF:8
LH:8
BRF:0
BRH:0
end_of_record
TN:
SF:C:\Users\asdasdasdas\projects\femr\js\ShowCard.js
FN:5,(anonymous_0)
FN:13,(anonymous_1)
FNF:2
FNH:0
FNDA:0,(anonymous_0)
FNDA:0,(anonymous_1)
DA:2,1
DA:6,0
DA:7,0
DA:14,0
DA:15,0
DA:28,1
LF:6
LH:2
BRF:0
BRH:0
end_of_record
